<?xml version="1.0" encoding="UTF-8"?>
<!-- Generated by org.testng.reporters.JUnitReportReporter -->
<testsuite hostname="LAPTOP-4EEPAOT0" failures="0" tests="3" name="Package1.Test2" time="0.007" errors="0" timestamp="2022-11-25T22:18:46 EST" skipped="0">
  <testcase classname="Package1.Test2" name="testData" time="0.000"/>
  <system-out/>
  <testcase classname="Package1.Test2" name="testData" time="0.005"/>
  <system-out/>
  <testcase classname="Package1.Test2" name="testData" time="0.002"/>
  <system-out/>
</testsuite> <!-- Package1.Test2 -->
