<?xml version="1.0" encoding="UTF-8"?>
<!-- Generated by org.testng.reporters.JUnitReportReporter -->
<testsuite hostname="LAPTOP-4EEPAOT0" failures="0" tests="3" name="Package1.Test2" time="0.008" errors="0" timestamp="2022-11-25T20:12:42 EST" skipped="0">
  <testcase classname="Package1.Test2" name="testData" time="0.001"/>
  <system-out/>
  <testcase classname="Package1.Test2" name="testData" time="0.006"/>
  <system-out/>
  <testcase classname="Package1.Test2" name="testData" time="0.001"/>
  <system-out/>
</testsuite> <!-- Package1.Test2 -->
